<?xml version="1.0" encoding="UTF-8"?>
<testng-results skipped="0" failed="1" ignored="0" total="1" passed="0">
  <reporter-output>
  </reporter-output>
  <suite name="Default suite" duration-ms="39994" started-at="2018-08-31T18:03:07Z" finished-at="2018-08-31T18:03:47Z">
    <groups>
    </groups>
    <test name="Default test" duration-ms="39994" started-at="2018-08-31T18:03:07Z" finished-at="2018-08-31T18:03:47Z">
      <class name="com.test.automation.UI_utomation.Homepage.TC001_Verify_LogIn">
        <test-method status="PASS" signature="setup()[pri:0, instance:com.test.automation.UI_utomation.Homepage.TC001_Verify_LogIn@14bf9759]" name="setup" is-config="true" duration-ms="38816" started-at="2018-08-31T23:33:07Z" finished-at="2018-08-31T23:33:46Z">
          <reporter-output>
          </reporter-output>
        </test-method> <!-- setup -->
        <test-method status="FAIL" signature="verifyLogin(java.lang.String, java.lang.String)[pri:0, instance:com.test.automation.UI_utomation.Homepage.TC001_Verify_LogIn@14bf9759]" name="verifyLogin" duration-ms="0" started-at="2018-08-31T23:33:46Z" finished-at="2018-08-31T23:33:46Z">
          <exception class="org.testng.TestNGException">
            <message>
              <![CDATA[
Cannot inject @Test annotated Method [verifyLogin] with [class java.lang.String, class java.lang.String].
For more information on native dependency injection please refer to http://testng.org/doc/documentation-main.html#native-dependency-injection]]>
            </message>
            <full-stacktrace>
              <![CDATA[org.testng.TestNGException: 
Cannot inject @Test annotated Method [verifyLogin] with [class java.lang.String, class java.lang.String].
For more information on native dependency injection please refer to http://testng.org/doc/documentation-main.html#native-dependency-injection
	at org.testng.internal.Parameters.checkParameterTypes(Parameters.java:244)
	at org.testng.internal.Parameters.createParameters(Parameters.java:172)
	at org.testng.internal.Parameters.createParameters(Parameters.java:458)
	at org.testng.internal.Parameters.handleParameters(Parameters.java:568)
	at org.testng.internal.Invoker.handleParameters(Invoker.java:1293)
	at org.testng.internal.Invoker.createParameters(Invoker.java:1020)
	at org.testng.internal.Invoker.invokeTestMethods(Invoker.java:1110)
	at org.testng.internal.TestMethodWorker.invokeTestMethods(TestMethodWorker.java:129)
	at org.testng.internal.TestMethodWorker.run(TestMethodWorker.java:112)
	at org.testng.TestRunner.privateRun(TestRunner.java:756)
	at org.testng.TestRunner.run(TestRunner.java:610)
	at org.testng.SuiteRunner.runTest(SuiteRunner.java:387)
	at org.testng.SuiteRunner.runSequentially(SuiteRunner.java:382)
	at org.testng.SuiteRunner.privateRun(SuiteRunner.java:340)
	at org.testng.SuiteRunner.run(SuiteRunner.java:289)
	at org.testng.SuiteRunnerWorker.runSuite(SuiteRunnerWorker.java:52)
	at org.testng.SuiteRunnerWorker.run(SuiteRunnerWorker.java:86)
	at org.testng.TestNG.runSuitesSequentially(TestNG.java:1293)
	at org.testng.TestNG.runSuitesLocally(TestNG.java:1218)
	at org.testng.TestNG.runSuites(TestNG.java:1133)
	at org.testng.TestNG.run(TestNG.java:1104)
	at org.testng.remote.AbstractRemoteTestNG.run(AbstractRemoteTestNG.java:132)
	at org.testng.remote.RemoteTestNG.initAndRun(RemoteTestNG.java:230)
	at org.testng.remote.RemoteTestNG.main(RemoteTestNG.java:76)
]]>
            </full-stacktrace>
          </exception> <!-- org.testng.TestNGException -->
          <reporter-output>
          </reporter-output>
        </test-method> <!-- verifyLogin -->
        <test-method status="PASS" signature="endtest()[pri:0, instance:com.test.automation.UI_utomation.Homepage.TC001_Verify_LogIn@14bf9759]" name="endtest" is-config="true" duration-ms="1143" started-at="2018-08-31T23:33:46Z" finished-at="2018-08-31T23:33:47Z">
          <reporter-output>
          </reporter-output>
        </test-method> <!-- endtest -->
      </class> <!-- com.test.automation.UI_utomation.Homepage.TC001_Verify_LogIn -->
    </test> <!-- Default test -->
  </suite> <!-- Default suite -->
</testng-results>
